26.09.2024 20:47:03 - log: Load engine in C:\ProgramData\cocos\editors\Creator\3.8.1\resources\resources\3d\engine
26.09.2024 20:47:04 - log: Profile changed: engine (modules.includeModules: 2d,animation,audio,base,gfx-webgl,gfx-webgl2,intersection-2d,particle-2d,spine,tiled-map,tween,ui)
26.09.2024 20:47:04 - log: Register native engine in C:\ProgramData\cocos\editors\Creator\3.8.1\resources\resources\3d\engine\native
26.09.2024 20:47:23 - warn: [Scene] Missing class: c1362UsvV9E4LqM0J6IEX+3Error: [Scene] Missing class: c1362UsvV9E4LqM0J6IEX+3
    at Object.classFinder (C:\ProgramData\cocos\editors\Creator\3.8.1\resources\app.asar\builtin\engine\dist\editor-extends\missing-reporter\missing-class-reporter.ccc:1:2381)
    at _Deserializer.classFinder [as _classFinder] (C:\ProgramData\cocos\editors\Creator\3.8.1\resources\resources\3d\engine\bin\.cache\dev\editor\bundled\index.js:131392:34)
    at _Deserializer._deserializeTypeTaggedObject (C:\ProgramData\cocos\editors\Creator\3.8.1\resources\resources\3d\engine\bin\.cache\dev\editor\bundled\index.js:48265:30)
    at _Deserializer._deserializeObject (C:\ProgramData\cocos\editors\Creator\3.8.1\resources\resources\3d\engine\bin\.cache\dev\editor\bundled\index.js:48206:29)
    at _Deserializer._deserializeAndAssignField (C:\ProgramData\cocos\editors\Creator\3.8.1\resources\resources\3d\engine\bin\.cache\dev\editor\bundled\index.js:48417:38)
    at _Deserializer._deserializeArray (C:\ProgramData\cocos\editors\Creator\3.8.1\resources\resources\3d\engine\bin\.cache\dev\editor\bundled\index.js:48240:40)
    at _Deserializer._deserializeObject (C:\ProgramData\cocos\editors\Creator\3.8.1\resources\resources\3d\engine\bin\.cache\dev\editor\bundled\index.js:48212:29)
26.09.2024 20:47:24 - error: [Scene] Script "c1362UsvV9E4LqM0J6IEX+3" attached to "GameManager" is missing or invalid. Detailed information:
Node path: "GameManager"
Script UUID: "c136252c-bd5f-44e0-ba8c-d09e88117fb7"
Class ID: "c1362UsvV9E4LqM0J6IEX+3"
Error: [Scene] Script "c1362UsvV9E4LqM0J6IEX+3" attached to "GameManager" is missing or invalid. Detailed information:
Node path: "GameManager"
Script UUID: "c136252c-bd5f-44e0-ba8c-d09e88117fb7"
Class ID: "c1362UsvV9E4LqM0J6IEX+3"

    at report (C:\ProgramData\cocos\editors\Creator\3.8.1\resources\app.asar\builtin\engine\dist\editor-extends\missing-reporter\missing-class-reporter.ccc:1:1393)
    at reportByWalker (C:\ProgramData\cocos\editors\Creator\3.8.1\resources\app.asar\builtin\engine\dist\editor-extends\missing-reporter\missing-class-reporter.ccc:1:1606)
26.09.2024 22:09:06 - warn: [Scene] Did you forget the extension? Please note that you can not omit extension in module specifier.Error: [Scene] Did you forget the extension? Please note that you can not omit extension in module specifier.
    at logger (C:\ProgramData\cocos\editors\Creator\3.8.1\resources\app.asar\node_modules\@editor\lib-programming\static\executor\systemjs-bridge\out\index.js:755:13)
    at ExecutorSystem.resolve [as _detailResolve] (C:\ProgramData\cocos\editors\Creator\3.8.1\resources\app.asar\node_modules\@editor\lib-programming\static\executor\systemjs-bridge\out\index.js:772:17)
    at ExecutorSystem._resolve (C:\ProgramData\cocos\editors\Creator\3.8.1\resources\app.asar\node_modules\@editor\lib-programming\src\editor-systemjs\index.ts:137:14)
    at SystemJS.resolve (C:\ProgramData\cocos\editors\Creator\3.8.1\resources\app.asar\node_modules\@editor\lib-programming\src\editor-systemjs\index.ts:36:23)
    at C:\ProgramData\cocos\editors\Creator\3.8.1\resources\app.asar\node_modules\@editor\lib-programming\static\executor\systemjs-bridge\out\index.js:355:37
    at Array.map (<anonymous>)
    at C:\ProgramData\cocos\editors\Creator\3.8.1\resources\app.asar\node_modules\@editor\lib-programming\static\executor\systemjs-bridge\out\index.js:353:41
26.09.2024 22:09:06 - warn: [Scene] Did you forget the extension? Please note that you can not omit extension in module specifier.Error: [Scene] Did you forget the extension? Please note that you can not omit extension in module specifier.
    at logger (C:\ProgramData\cocos\editors\Creator\3.8.1\resources\app.asar\node_modules\@editor\lib-programming\static\executor\systemjs-bridge\out\index.js:755:13)
    at ExecutorSystem.resolve [as _detailResolve] (C:\ProgramData\cocos\editors\Creator\3.8.1\resources\app.asar\node_modules\@editor\lib-programming\static\executor\systemjs-bridge\out\index.js:772:17)
    at ExecutorSystem._resolve (C:\ProgramData\cocos\editors\Creator\3.8.1\resources\app.asar\node_modules\@editor\lib-programming\src\editor-systemjs\index.ts:137:14)
    at SystemJS.resolve (C:\ProgramData\cocos\editors\Creator\3.8.1\resources\app.asar\node_modules\@editor\lib-programming\src\editor-systemjs\index.ts:36:23)
    at C:\ProgramData\cocos\editors\Creator\3.8.1\resources\app.asar\node_modules\@editor\lib-programming\static\executor\systemjs-bridge\out\index.js:355:37
    at Array.map (<anonymous>)
    at C:\ProgramData\cocos\editors\Creator\3.8.1\resources\app.asar\node_modules\@editor\lib-programming\static\executor\systemjs-bridge\out\index.js:353:41
26.09.2024 22:09:06 - error: [Scene] {hidden(::SceneExecutorImportExceptionHandler::)} Error: Error: Module "../GameStats/GameStats" not found for file:///F:/git/TestMatch3/assets/Scripts/Session/GameLogic.ts
    at rejector (C:\ProgramData\cocos\editors\Creator\3.8.1\resources\app.asar\node_modules\@editor\lib-programming\static\executor\systemjs-bridge\out\index.js:759:15)
    at ExecutorSystem.resolve [as _detailResolve] (C:\ProgramData\cocos\editors\Creator\3.8.1\resources\app.asar\node_modules\@editor\lib-programming\static\executor\systemjs-bridge\out\index.js:777:13)
    at ExecutorSystem._resolve (C:\ProgramData\cocos\editors\Creator\3.8.1\resources\app.asar\node_modules\@editor\lib-programming\src\editor-systemjs\index.ts:137:14)
    at SystemJS.resolve (C:\ProgramData\cocos\editors\Creator\3.8.1\resources\app.asar\node_modules\@editor\lib-programming\src\editor-systemjs\index.ts:36:23)
    at C:\ProgramData\cocos\editors\Creator\3.8.1\resources\app.asar\node_modules\@editor\lib-programming\static\executor\systemjs-bridge\out\index.js:355:37
    at Array.map (<anonymous>)
    at C:\ProgramData\cocos\editors\Creator\3.8.1\resources\app.asar\node_modules\@editor\lib-programming\static\executor\systemjs-bridge\out\index.js:353:41Error: [Scene] {hidden(::SceneExecutorImportExceptionHandler::)} Error: Error: Module "../GameStats/GameStats" not found for file:///F:/git/TestMatch3/assets/Scripts/Session/GameLogic.ts
    at SystemJS.resolve (C:\ProgramData\cocos\editors\Creator\3.8.1\resources\app.asar\node_modules\@editor\lib-programming\src\editor-systemjs\index.ts:36:23)
    at C:\ProgramData\cocos\editors\Creator\3.8.1\resources\app.asar\node_modules\@editor\lib-programming\static\executor\systemjs-bridge\out\index.js:355:37
    at Array.map (<anonymous>)
    at C:\ProgramData\cocos\editors\Creator\3.8.1\resources\app.asar\node_modules\@editor\lib-programming\static\executor\systemjs-bridge\out\index.js:353:41
    at Logger._logHandler (C:\ProgramData\cocos\editors\Creator\3.8.1\resources\app.asar\builtin\scene\dist\script\3d\manager\startup\log.ccc:1:492)
    at Logger.record (C:\ProgramData\cocos\editors\Creator\3.8.1\resources\app.asar\node_modules\@base\electron-logger\lib\renderer.ccc:1:458)
    at console.error (C:\ProgramData\cocos\editors\Creator\3.8.1\resources\app.asar\node_modules\@base\electron-logger\lib\renderer.ccc:1:1414)
    at ScriptManager._handleImportException (C:\ProgramData\cocos\editors\Creator\3.8.1\resources\app.asar\builtin\scene\dist\script\3d\manager\scripts.ccc:1:5391)
    at Executor.importExceptionHandler [as _importExceptionHandler] (C:\ProgramData\cocos\editors\Creator\3.8.1\resources\app.asar\builtin\scene\dist\script\3d\manager\scripts.ccc:1:3485)
    at Executor._onModuleLoaded (C:\ProgramData\cocos\editors\Creator\3.8.1\resources\app.asar\node_modules\@editor\lib-programming\src\executor\index.ts:359:22)
    at SystemJS.onload (C:\ProgramData\cocos\editors\Creator\3.8.1\resources\app.asar\node_modules\@editor\lib-programming\src\executor\index.ts:87:18)
    at triggerOnload (C:\ProgramData\cocos\editors\Creator\3.8.1\resources\app.asar\node_modules\@editor\lib-programming\static\executor\systemjs-bridge\out\index.js:270:10)
    at C:\ProgramData\cocos\editors\Creator\3.8.1\resources\app.asar\node_modules\@editor\lib-programming\static\executor\systemjs-bridge\out\index.js:431:7
    at async Promise.all (index 2)
26.09.2024 22:09:06 - error: [Scene] {hidden(::SceneExecutorImportExceptionHandler::)} Error: Error: Module "../BusinessScene/ManagerTypes" not found for file:///F:/git/TestMatch3/assets/Scripts/Session/SessionDeviceListener.ts
    at rejector (C:\ProgramData\cocos\editors\Creator\3.8.1\resources\app.asar\node_modules\@editor\lib-programming\static\executor\systemjs-bridge\out\index.js:759:15)
    at ExecutorSystem.resolve [as _detailResolve] (C:\ProgramData\cocos\editors\Creator\3.8.1\resources\app.asar\node_modules\@editor\lib-programming\static\executor\systemjs-bridge\out\index.js:777:13)
    at ExecutorSystem._resolve (C:\ProgramData\cocos\editors\Creator\3.8.1\resources\app.asar\node_modules\@editor\lib-programming\src\editor-systemjs\index.ts:137:14)
    at SystemJS.resolve (C:\ProgramData\cocos\editors\Creator\3.8.1\resources\app.asar\node_modules\@editor\lib-programming\src\editor-systemjs\index.ts:36:23)
    at C:\ProgramData\cocos\editors\Creator\3.8.1\resources\app.asar\node_modules\@editor\lib-programming\static\executor\systemjs-bridge\out\index.js:355:37
    at Array.map (<anonymous>)
    at C:\ProgramData\cocos\editors\Creator\3.8.1\resources\app.asar\node_modules\@editor\lib-programming\static\executor\systemjs-bridge\out\index.js:353:41Error: [Scene] {hidden(::SceneExecutorImportExceptionHandler::)} Error: Error: Module "../BusinessScene/ManagerTypes" not found for file:///F:/git/TestMatch3/assets/Scripts/Session/SessionDeviceListener.ts
    at SystemJS.resolve (C:\ProgramData\cocos\editors\Creator\3.8.1\resources\app.asar\node_modules\@editor\lib-programming\src\editor-systemjs\index.ts:36:23)
    at C:\ProgramData\cocos\editors\Creator\3.8.1\resources\app.asar\node_modules\@editor\lib-programming\static\executor\systemjs-bridge\out\index.js:355:37
    at Array.map (<anonymous>)
    at C:\ProgramData\cocos\editors\Creator\3.8.1\resources\app.asar\node_modules\@editor\lib-programming\static\executor\systemjs-bridge\out\index.js:353:41
    at Logger._logHandler (C:\ProgramData\cocos\editors\Creator\3.8.1\resources\app.asar\builtin\scene\dist\script\3d\manager\startup\log.ccc:1:492)
    at Logger.record (C:\ProgramData\cocos\editors\Creator\3.8.1\resources\app.asar\node_modules\@base\electron-logger\lib\renderer.ccc:1:458)
    at console.error (C:\ProgramData\cocos\editors\Creator\3.8.1\resources\app.asar\node_modules\@base\electron-logger\lib\renderer.ccc:1:1414)
    at ScriptManager._handleImportException (C:\ProgramData\cocos\editors\Creator\3.8.1\resources\app.asar\builtin\scene\dist\script\3d\manager\scripts.ccc:1:5391)
    at Executor.importExceptionHandler [as _importExceptionHandler] (C:\ProgramData\cocos\editors\Creator\3.8.1\resources\app.asar\builtin\scene\dist\script\3d\manager\scripts.ccc:1:3485)
    at Executor._onModuleLoaded (C:\ProgramData\cocos\editors\Creator\3.8.1\resources\app.asar\node_modules\@editor\lib-programming\src\executor\index.ts:359:22)
    at SystemJS.onload (C:\ProgramData\cocos\editors\Creator\3.8.1\resources\app.asar\node_modules\@editor\lib-programming\src\executor\index.ts:87:18)
    at triggerOnload (C:\ProgramData\cocos\editors\Creator\3.8.1\resources\app.asar\node_modules\@editor\lib-programming\static\executor\systemjs-bridge\out\index.js:270:10)
    at C:\ProgramData\cocos\editors\Creator\3.8.1\resources\app.asar\node_modules\@editor\lib-programming\static\executor\systemjs-bridge\out\index.js:431:7
    at async Promise.all (index 3)
26.09.2024 22:09:06 - warn: [Scene] Did you forget the extension? Please note that you can not omit extension in module specifier.Error: [Scene] Did you forget the extension? Please note that you can not omit extension in module specifier.
    at logger (C:\ProgramData\cocos\editors\Creator\3.8.1\resources\app.asar\node_modules\@editor\lib-programming\static\executor\systemjs-bridge\out\index.js:755:13)
    at ExecutorSystem.resolve [as _detailResolve] (C:\ProgramData\cocos\editors\Creator\3.8.1\resources\app.asar\node_modules\@editor\lib-programming\static\executor\systemjs-bridge\out\index.js:772:17)
    at ExecutorSystem._resolve (C:\ProgramData\cocos\editors\Creator\3.8.1\resources\app.asar\node_modules\@editor\lib-programming\src\editor-systemjs\index.ts:137:14)
    at SystemJS.resolve (C:\ProgramData\cocos\editors\Creator\3.8.1\resources\app.asar\node_modules\@editor\lib-programming\src\editor-systemjs\index.ts:36:23)
    at C:\ProgramData\cocos\editors\Creator\3.8.1\resources\app.asar\node_modules\@editor\lib-programming\static\executor\systemjs-bridge\out\index.js:355:37
    at Array.map (<anonymous>)
    at C:\ProgramData\cocos\editors\Creator\3.8.1\resources\app.asar\node_modules\@editor\lib-programming\static\executor\systemjs-bridge\out\index.js:353:41
26.09.2024 22:09:06 - error: [Scene] {hidden(::SceneExecutorImportExceptionHandler::)} Error: Error: Module "./ApplicationConfig" not found for file:///F:/git/TestMatch3/assets/Scripts/Application/AppState.ts
    at rejector (C:\ProgramData\cocos\editors\Creator\3.8.1\resources\app.asar\node_modules\@editor\lib-programming\static\executor\systemjs-bridge\out\index.js:759:15)
    at ExecutorSystem.resolve [as _detailResolve] (C:\ProgramData\cocos\editors\Creator\3.8.1\resources\app.asar\node_modules\@editor\lib-programming\static\executor\systemjs-bridge\out\index.js:777:13)
    at ExecutorSystem._resolve (C:\ProgramData\cocos\editors\Creator\3.8.1\resources\app.asar\node_modules\@editor\lib-programming\src\editor-systemjs\index.ts:137:14)
    at SystemJS.resolve (C:\ProgramData\cocos\editors\Creator\3.8.1\resources\app.asar\node_modules\@editor\lib-programming\src\editor-systemjs\index.ts:36:23)
    at C:\ProgramData\cocos\editors\Creator\3.8.1\resources\app.asar\node_modules\@editor\lib-programming\static\executor\systemjs-bridge\out\index.js:355:37
    at Array.map (<anonymous>)
    at C:\ProgramData\cocos\editors\Creator\3.8.1\resources\app.asar\node_modules\@editor\lib-programming\static\executor\systemjs-bridge\out\index.js:353:41
    at file:///F:/git/TestMatch3/temp/programming/packer-driver/targets/editor/chunks/6d/6d8fd2b0177941b032ddc0733af48a561fb60657.js:13:13
    at Object.execute (file:///F:/git/TestMatch3/temp/programming/packer-driver/targets/editor/chunks/6d/6d8fd2b0177941b032ddc0733af48a561fb60657.js:8:7)
    at Executor._importPrerequisiteModules (C:\ProgramData\cocos\editors\Creator\3.8.1\resources\app.asar\node_modules\@editor\lib-programming\src\executor\index.ts:311:13)Error: [Scene] {hidden(::SceneExecutorImportExceptionHandler::)} Error: Error: Module "./ApplicationConfig" not found for file:///F:/git/TestMatch3/assets/Scripts/Application/AppState.ts
    at SystemJS.resolve (C:\ProgramData\cocos\editors\Creator\3.8.1\resources\app.asar\node_modules\@editor\lib-programming\src\editor-systemjs\index.ts:36:23)
    at C:\ProgramData\cocos\editors\Creator\3.8.1\resources\app.asar\node_modules\@editor\lib-programming\static\executor\systemjs-bridge\out\index.js:355:37
    at Array.map (<anonymous>)
    at C:\ProgramData\cocos\editors\Creator\3.8.1\resources\app.asar\node_modules\@editor\lib-programming\static\executor\systemjs-bridge\out\index.js:353:41
    at file:///F:/git/TestMatch3/temp/programming/packer-driver/targets/editor/chunks/6d/6d8fd2b0177941b032ddc0733af48a561fb60657.js:13:13
    at Object.execute (file:///F:/git/TestMatch3/temp/programming/packer-driver/targets/editor/chunks/6d/6d8fd2b0177941b032ddc0733af48a561fb60657.js:8:7)
    at Executor._importPrerequisiteModules (C:\ProgramData\cocos\editors\Creator\3.8.1\resources\app.asar\node_modules\@editor\lib-programming\src\executor\index.ts:311:13)
    at Logger._logHandler (C:\ProgramData\cocos\editors\Creator\3.8.1\resources\app.asar\builtin\scene\dist\script\3d\manager\startup\log.ccc:1:492)
    at Logger.record (C:\ProgramData\cocos\editors\Creator\3.8.1\resources\app.asar\node_modules\@base\electron-logger\lib\renderer.ccc:1:458)
    at console.error (C:\ProgramData\cocos\editors\Creator\3.8.1\resources\app.asar\node_modules\@base\electron-logger\lib\renderer.ccc:1:1414)
    at ScriptManager._handleImportException (C:\ProgramData\cocos\editors\Creator\3.8.1\resources\app.asar\builtin\scene\dist\script\3d\manager\scripts.ccc:1:5391)
    at Executor.importExceptionHandler [as _importExceptionHandler] (C:\ProgramData\cocos\editors\Creator\3.8.1\resources\app.asar\builtin\scene\dist\script\3d\manager\scripts.ccc:1:3485)
    at Executor._onModuleLoaded (C:\ProgramData\cocos\editors\Creator\3.8.1\resources\app.asar\node_modules\@editor\lib-programming\src\executor\index.ts:359:22)
    at SystemJS.onload (C:\ProgramData\cocos\editors\Creator\3.8.1\resources\app.asar\node_modules\@editor\lib-programming\src\executor\index.ts:87:18)
    at triggerOnload (C:\ProgramData\cocos\editors\Creator\3.8.1\resources\app.asar\node_modules\@editor\lib-programming\static\executor\systemjs-bridge\out\index.js:270:10)
    at C:\ProgramData\cocos\editors\Creator\3.8.1\resources\app.asar\node_modules\@editor\lib-programming\static\executor\systemjs-bridge\out\index.js:431:7
    at file:///F:/git/TestMatch3/temp/programming/packer-driver/targets/editor/chunks/6d/6d8fd2b0177941b032ddc0733af48a561fb60657.js:13:13
26.09.2024 22:09:06 - warn: [Scene] Did you forget the extension? Please note that you can not omit extension in module specifier.Error: [Scene] Did you forget the extension? Please note that you can not omit extension in module specifier.
    at logger (C:\ProgramData\cocos\editors\Creator\3.8.1\resources\app.asar\node_modules\@editor\lib-programming\static\executor\systemjs-bridge\out\index.js:755:13)
    at ExecutorSystem.resolve [as _detailResolve] (C:\ProgramData\cocos\editors\Creator\3.8.1\resources\app.asar\node_modules\@editor\lib-programming\static\executor\systemjs-bridge\out\index.js:772:17)
    at ExecutorSystem._resolve (C:\ProgramData\cocos\editors\Creator\3.8.1\resources\app.asar\node_modules\@editor\lib-programming\src\editor-systemjs\index.ts:137:14)
    at SystemJS.resolve (C:\ProgramData\cocos\editors\Creator\3.8.1\resources\app.asar\node_modules\@editor\lib-programming\src\editor-systemjs\index.ts:36:23)
    at C:\ProgramData\cocos\editors\Creator\3.8.1\resources\app.asar\node_modules\@editor\lib-programming\static\executor\systemjs-bridge\out\index.js:355:37
    at Array.map (<anonymous>)
    at C:\ProgramData\cocos\editors\Creator\3.8.1\resources\app.asar\node_modules\@editor\lib-programming\static\executor\systemjs-bridge\out\index.js:353:41
26.09.2024 22:09:06 - warn: [Scene] Did you forget the extension? Please note that you can not omit extension in module specifier.Error: [Scene] Did you forget the extension? Please note that you can not omit extension in module specifier.
    at logger (C:\ProgramData\cocos\editors\Creator\3.8.1\resources\app.asar\node_modules\@editor\lib-programming\static\executor\systemjs-bridge\out\index.js:755:13)
    at ExecutorSystem.resolve [as _detailResolve] (C:\ProgramData\cocos\editors\Creator\3.8.1\resources\app.asar\node_modules\@editor\lib-programming\static\executor\systemjs-bridge\out\index.js:772:17)
    at ExecutorSystem._resolve (C:\ProgramData\cocos\editors\Creator\3.8.1\resources\app.asar\node_modules\@editor\lib-programming\src\editor-systemjs\index.ts:137:14)
    at SystemJS.resolve (C:\ProgramData\cocos\editors\Creator\3.8.1\resources\app.asar\node_modules\@editor\lib-programming\src\editor-systemjs\index.ts:36:23)
    at C:\ProgramData\cocos\editors\Creator\3.8.1\resources\app.asar\node_modules\@editor\lib-programming\static\executor\systemjs-bridge\out\index.js:355:37
    at Array.map (<anonymous>)
    at C:\ProgramData\cocos\editors\Creator\3.8.1\resources\app.asar\node_modules\@editor\lib-programming\static\executor\systemjs-bridge\out\index.js:353:41
26.09.2024 22:09:06 - error: [Scene] {hidden(::SceneExecutorImportExceptionHandler::)} Error: Error: Module "./Application/ApplicationConfig" not found for file:///F:/git/TestMatch3/assets/Scripts/GameManagerComponent.ts
    at rejector (C:\ProgramData\cocos\editors\Creator\3.8.1\resources\app.asar\node_modules\@editor\lib-programming\static\executor\systemjs-bridge\out\index.js:759:15)
    at ExecutorSystem.resolve [as _detailResolve] (C:\ProgramData\cocos\editors\Creator\3.8.1\resources\app.asar\node_modules\@editor\lib-programming\static\executor\systemjs-bridge\out\index.js:777:13)
    at ExecutorSystem._resolve (C:\ProgramData\cocos\editors\Creator\3.8.1\resources\app.asar\node_modules\@editor\lib-programming\src\editor-systemjs\index.ts:137:14)
    at SystemJS.resolve (C:\ProgramData\cocos\editors\Creator\3.8.1\resources\app.asar\node_modules\@editor\lib-programming\src\editor-systemjs\index.ts:36:23)
    at C:\ProgramData\cocos\editors\Creator\3.8.1\resources\app.asar\node_modules\@editor\lib-programming\static\executor\systemjs-bridge\out\index.js:355:37
    at Array.map (<anonymous>)
    at C:\ProgramData\cocos\editors\Creator\3.8.1\resources\app.asar\node_modules\@editor\lib-programming\static\executor\systemjs-bridge\out\index.js:353:41
    at file:///F:/git/TestMatch3/temp/programming/packer-driver/targets/editor/chunks/6d/6d8fd2b0177941b032ddc0733af48a561fb60657.js:13:13
    at Object.execute (file:///F:/git/TestMatch3/temp/programming/packer-driver/targets/editor/chunks/6d/6d8fd2b0177941b032ddc0733af48a561fb60657.js:8:7)
    at Executor._importPrerequisiteModules (C:\ProgramData\cocos\editors\Creator\3.8.1\resources\app.asar\node_modules\@editor\lib-programming\src\executor\index.ts:311:13)Error: [Scene] {hidden(::SceneExecutorImportExceptionHandler::)} Error: Error: Module "./Application/ApplicationConfig" not found for file:///F:/git/TestMatch3/assets/Scripts/GameManagerComponent.ts
    at SystemJS.resolve (C:\ProgramData\cocos\editors\Creator\3.8.1\resources\app.asar\node_modules\@editor\lib-programming\src\editor-systemjs\index.ts:36:23)
    at C:\ProgramData\cocos\editors\Creator\3.8.1\resources\app.asar\node_modules\@editor\lib-programming\static\executor\systemjs-bridge\out\index.js:355:37
    at Array.map (<anonymous>)
    at C:\ProgramData\cocos\editors\Creator\3.8.1\resources\app.asar\node_modules\@editor\lib-programming\static\executor\systemjs-bridge\out\index.js:353:41
    at file:///F:/git/TestMatch3/temp/programming/packer-driver/targets/editor/chunks/6d/6d8fd2b0177941b032ddc0733af48a561fb60657.js:13:13
    at Object.execute (file:///F:/git/TestMatch3/temp/programming/packer-driver/targets/editor/chunks/6d/6d8fd2b0177941b032ddc0733af48a561fb60657.js:8:7)
    at Executor._importPrerequisiteModules (C:\ProgramData\cocos\editors\Creator\3.8.1\resources\app.asar\node_modules\@editor\lib-programming\src\executor\index.ts:311:13)
    at Logger._logHandler (C:\ProgramData\cocos\editors\Creator\3.8.1\resources\app.asar\builtin\scene\dist\script\3d\manager\startup\log.ccc:1:492)
    at Logger.record (C:\ProgramData\cocos\editors\Creator\3.8.1\resources\app.asar\node_modules\@base\electron-logger\lib\renderer.ccc:1:458)
    at console.error (C:\ProgramData\cocos\editors\Creator\3.8.1\resources\app.asar\node_modules\@base\electron-logger\lib\renderer.ccc:1:1414)
    at ScriptManager._handleImportException (C:\ProgramData\cocos\editors\Creator\3.8.1\resources\app.asar\builtin\scene\dist\script\3d\manager\scripts.ccc:1:5391)
    at Executor.importExceptionHandler [as _importExceptionHandler] (C:\ProgramData\cocos\editors\Creator\3.8.1\resources\app.asar\builtin\scene\dist\script\3d\manager\scripts.ccc:1:3485)
    at Executor._onModuleLoaded (C:\ProgramData\cocos\editors\Creator\3.8.1\resources\app.asar\node_modules\@editor\lib-programming\src\executor\index.ts:359:22)
    at SystemJS.onload (C:\ProgramData\cocos\editors\Creator\3.8.1\resources\app.asar\node_modules\@editor\lib-programming\src\executor\index.ts:87:18)
    at triggerOnload (C:\ProgramData\cocos\editors\Creator\3.8.1\resources\app.asar\node_modules\@editor\lib-programming\static\executor\systemjs-bridge\out\index.js:270:10)
    at C:\ProgramData\cocos\editors\Creator\3.8.1\resources\app.asar\node_modules\@editor\lib-programming\static\executor\systemjs-bridge\out\index.js:431:7
    at file:///F:/git/TestMatch3/temp/programming/packer-driver/targets/editor/chunks/6d/6d8fd2b0177941b032ddc0733af48a561fb60657.js:13:13
26.09.2024 22:09:06 - error: [Scene] {hidden(::SceneExecutorImportExceptionHandler::)} Error: Error: Module "../../Game/GameState" not found for file:///F:/git/TestMatch3/assets/Scripts/Save/Editor/EditorSaveState.ts
    at rejector (C:\ProgramData\cocos\editors\Creator\3.8.1\resources\app.asar\node_modules\@editor\lib-programming\static\executor\systemjs-bridge\out\index.js:759:15)
    at ExecutorSystem.resolve [as _detailResolve] (C:\ProgramData\cocos\editors\Creator\3.8.1\resources\app.asar\node_modules\@editor\lib-programming\static\executor\systemjs-bridge\out\index.js:777:13)
    at ExecutorSystem._resolve (C:\ProgramData\cocos\editors\Creator\3.8.1\resources\app.asar\node_modules\@editor\lib-programming\src\editor-systemjs\index.ts:137:14)
    at SystemJS.resolve (C:\ProgramData\cocos\editors\Creator\3.8.1\resources\app.asar\node_modules\@editor\lib-programming\src\editor-systemjs\index.ts:36:23)
    at C:\ProgramData\cocos\editors\Creator\3.8.1\resources\app.asar\node_modules\@editor\lib-programming\static\executor\systemjs-bridge\out\index.js:355:37
    at Array.map (<anonymous>)
    at C:\ProgramData\cocos\editors\Creator\3.8.1\resources\app.asar\node_modules\@editor\lib-programming\static\executor\systemjs-bridge\out\index.js:353:41Error: [Scene] {hidden(::SceneExecutorImportExceptionHandler::)} Error: Error: Module "../../Game/GameState" not found for file:///F:/git/TestMatch3/assets/Scripts/Save/Editor/EditorSaveState.ts
    at SystemJS.resolve (C:\ProgramData\cocos\editors\Creator\3.8.1\resources\app.asar\node_modules\@editor\lib-programming\src\editor-systemjs\index.ts:36:23)
    at C:\ProgramData\cocos\editors\Creator\3.8.1\resources\app.asar\node_modules\@editor\lib-programming\static\executor\systemjs-bridge\out\index.js:355:37
    at Array.map (<anonymous>)
    at C:\ProgramData\cocos\editors\Creator\3.8.1\resources\app.asar\node_modules\@editor\lib-programming\static\executor\systemjs-bridge\out\index.js:353:41
    at Logger._logHandler (C:\ProgramData\cocos\editors\Creator\3.8.1\resources\app.asar\builtin\scene\dist\script\3d\manager\startup\log.ccc:1:492)
    at Logger.record (C:\ProgramData\cocos\editors\Creator\3.8.1\resources\app.asar\node_modules\@base\electron-logger\lib\renderer.ccc:1:458)
    at console.error (C:\ProgramData\cocos\editors\Creator\3.8.1\resources\app.asar\node_modules\@base\electron-logger\lib\renderer.ccc:1:1414)
    at ScriptManager._handleImportException (C:\ProgramData\cocos\editors\Creator\3.8.1\resources\app.asar\builtin\scene\dist\script\3d\manager\scripts.ccc:1:5391)
    at Executor.importExceptionHandler [as _importExceptionHandler] (C:\ProgramData\cocos\editors\Creator\3.8.1\resources\app.asar\builtin\scene\dist\script\3d\manager\scripts.ccc:1:3485)
    at Executor._onModuleLoaded (C:\ProgramData\cocos\editors\Creator\3.8.1\resources\app.asar\node_modules\@editor\lib-programming\src\executor\index.ts:359:22)
    at SystemJS.onload (C:\ProgramData\cocos\editors\Creator\3.8.1\resources\app.asar\node_modules\@editor\lib-programming\src\executor\index.ts:87:18)
    at triggerOnload (C:\ProgramData\cocos\editors\Creator\3.8.1\resources\app.asar\node_modules\@editor\lib-programming\static\executor\systemjs-bridge\out\index.js:270:10)
    at C:\ProgramData\cocos\editors\Creator\3.8.1\resources\app.asar\node_modules\@editor\lib-programming\static\executor\systemjs-bridge\out\index.js:431:7
    at file:///F:/git/TestMatch3/temp/programming/packer-driver/targets/editor/chunks/6d/6d8fd2b0177941b032ddc0733af48a561fb60657.js:13:13
26.09.2024 22:09:06 - warn: [Scene] Did you forget the extension? Please note that you can not omit extension in module specifier.Error: [Scene] Did you forget the extension? Please note that you can not omit extension in module specifier.
    at logger (C:\ProgramData\cocos\editors\Creator\3.8.1\resources\app.asar\node_modules\@editor\lib-programming\static\executor\systemjs-bridge\out\index.js:755:13)
    at ExecutorSystem.resolve [as _detailResolve] (C:\ProgramData\cocos\editors\Creator\3.8.1\resources\app.asar\node_modules\@editor\lib-programming\static\executor\systemjs-bridge\out\index.js:772:17)
    at ExecutorSystem._resolve (C:\ProgramData\cocos\editors\Creator\3.8.1\resources\app.asar\node_modules\@editor\lib-programming\src\editor-systemjs\index.ts:137:14)
    at SystemJS.resolve (C:\ProgramData\cocos\editors\Creator\3.8.1\resources\app.asar\node_modules\@editor\lib-programming\src\editor-systemjs\index.ts:36:23)
    at C:\ProgramData\cocos\editors\Creator\3.8.1\resources\app.asar\node_modules\@editor\lib-programming\static\executor\systemjs-bridge\out\index.js:355:37
    at Array.map (<anonymous>)
    at C:\ProgramData\cocos\editors\Creator\3.8.1\resources\app.asar\node_modules\@editor\lib-programming\static\executor\systemjs-bridge\out\index.js:353:41
26.09.2024 22:09:06 - error: [Scene] {hidden(::SceneExecutorImportExceptionHandler::)} Error: Error: Module "./LocationType" not found for file:///F:/git/TestMatch3/assets/Scripts/Scene/TransferComponent.ts
    at rejector (C:\ProgramData\cocos\editors\Creator\3.8.1\resources\app.asar\node_modules\@editor\lib-programming\static\executor\systemjs-bridge\out\index.js:759:15)
    at ExecutorSystem.resolve [as _detailResolve] (C:\ProgramData\cocos\editors\Creator\3.8.1\resources\app.asar\node_modules\@editor\lib-programming\static\executor\systemjs-bridge\out\index.js:777:13)
    at ExecutorSystem._resolve (C:\ProgramData\cocos\editors\Creator\3.8.1\resources\app.asar\node_modules\@editor\lib-programming\src\editor-systemjs\index.ts:137:14)
    at SystemJS.resolve (C:\ProgramData\cocos\editors\Creator\3.8.1\resources\app.asar\node_modules\@editor\lib-programming\src\editor-systemjs\index.ts:36:23)
    at C:\ProgramData\cocos\editors\Creator\3.8.1\resources\app.asar\node_modules\@editor\lib-programming\static\executor\systemjs-bridge\out\index.js:355:37
    at Array.map (<anonymous>)
    at C:\ProgramData\cocos\editors\Creator\3.8.1\resources\app.asar\node_modules\@editor\lib-programming\static\executor\systemjs-bridge\out\index.js:353:41
    at file:///F:/git/TestMatch3/temp/programming/packer-driver/targets/editor/chunks/6d/6d8fd2b0177941b032ddc0733af48a561fb60657.js:13:13
    at Object.execute (file:///F:/git/TestMatch3/temp/programming/packer-driver/targets/editor/chunks/6d/6d8fd2b0177941b032ddc0733af48a561fb60657.js:8:7)
    at Executor._importPrerequisiteModules (C:\ProgramData\cocos\editors\Creator\3.8.1\resources\app.asar\node_modules\@editor\lib-programming\src\executor\index.ts:311:13)Error: [Scene] {hidden(::SceneExecutorImportExceptionHandler::)} Error: Error: Module "./LocationType" not found for file:///F:/git/TestMatch3/assets/Scripts/Scene/TransferComponent.ts
    at SystemJS.resolve (C:\ProgramData\cocos\editors\Creator\3.8.1\resources\app.asar\node_modules\@editor\lib-programming\src\editor-systemjs\index.ts:36:23)
    at C:\ProgramData\cocos\editors\Creator\3.8.1\resources\app.asar\node_modules\@editor\lib-programming\static\executor\systemjs-bridge\out\index.js:355:37
    at Array.map (<anonymous>)
    at C:\ProgramData\cocos\editors\Creator\3.8.1\resources\app.asar\node_modules\@editor\lib-programming\static\executor\systemjs-bridge\out\index.js:353:41
    at file:///F:/git/TestMatch3/temp/programming/packer-driver/targets/editor/chunks/6d/6d8fd2b0177941b032ddc0733af48a561fb60657.js:13:13
    at Object.execute (file:///F:/git/TestMatch3/temp/programming/packer-driver/targets/editor/chunks/6d/6d8fd2b0177941b032ddc0733af48a561fb60657.js:8:7)
    at Executor._importPrerequisiteModules (C:\ProgramData\cocos\editors\Creator\3.8.1\resources\app.asar\node_modules\@editor\lib-programming\src\executor\index.ts:311:13)
    at Logger._logHandler (C:\ProgramData\cocos\editors\Creator\3.8.1\resources\app.asar\builtin\scene\dist\script\3d\manager\startup\log.ccc:1:492)
    at Logger.record (C:\ProgramData\cocos\editors\Creator\3.8.1\resources\app.asar\node_modules\@base\electron-logger\lib\renderer.ccc:1:458)
    at console.error (C:\ProgramData\cocos\editors\Creator\3.8.1\resources\app.asar\node_modules\@base\electron-logger\lib\renderer.ccc:1:1414)
    at ScriptManager._handleImportException (C:\ProgramData\cocos\editors\Creator\3.8.1\resources\app.asar\builtin\scene\dist\script\3d\manager\scripts.ccc:1:5391)
    at Executor.importExceptionHandler [as _importExceptionHandler] (C:\ProgramData\cocos\editors\Creator\3.8.1\resources\app.asar\builtin\scene\dist\script\3d\manager\scripts.ccc:1:3485)
    at Executor._onModuleLoaded (C:\ProgramData\cocos\editors\Creator\3.8.1\resources\app.asar\node_modules\@editor\lib-programming\src\executor\index.ts:359:22)
    at SystemJS.onload (C:\ProgramData\cocos\editors\Creator\3.8.1\resources\app.asar\node_modules\@editor\lib-programming\src\executor\index.ts:87:18)
    at triggerOnload (C:\ProgramData\cocos\editors\Creator\3.8.1\resources\app.asar\node_modules\@editor\lib-programming\static\executor\systemjs-bridge\out\index.js:270:10)
    at C:\ProgramData\cocos\editors\Creator\3.8.1\resources\app.asar\node_modules\@editor\lib-programming\static\executor\systemjs-bridge\out\index.js:431:7
    at file:///F:/git/TestMatch3/temp/programming/packer-driver/targets/editor/chunks/6d/6d8fd2b0177941b032ddc0733af48a561fb60657.js:13:13
26.09.2024 22:09:06 - warn: [Scene] Did you forget the extension? Please note that you can not omit extension in module specifier.Error: [Scene] Did you forget the extension? Please note that you can not omit extension in module specifier.
    at logger (C:\ProgramData\cocos\editors\Creator\3.8.1\resources\app.asar\node_modules\@editor\lib-programming\static\executor\systemjs-bridge\out\index.js:755:13)
    at ExecutorSystem.resolve [as _detailResolve] (C:\ProgramData\cocos\editors\Creator\3.8.1\resources\app.asar\node_modules\@editor\lib-programming\static\executor\systemjs-bridge\out\index.js:772:17)
    at ExecutorSystem._resolve (C:\ProgramData\cocos\editors\Creator\3.8.1\resources\app.asar\node_modules\@editor\lib-programming\src\editor-systemjs\index.ts:137:14)
    at SystemJS.resolve (C:\ProgramData\cocos\editors\Creator\3.8.1\resources\app.asar\node_modules\@editor\lib-programming\src\editor-systemjs\index.ts:36:23)
    at C:\ProgramData\cocos\editors\Creator\3.8.1\resources\app.asar\node_modules\@editor\lib-programming\static\executor\systemjs-bridge\out\index.js:355:37
    at Array.map (<anonymous>)
    at C:\ProgramData\cocos\editors\Creator\3.8.1\resources\app.asar\node_modules\@editor\lib-programming\static\executor\systemjs-bridge\out\index.js:353:41
26.09.2024 22:09:06 - error: [Scene] {hidden(::SceneExecutorImportExceptionHandler::)} Error: Error: Module "../Game/Types" not found for file:///F:/git/TestMatch3/assets/Scripts/Session/GameoverListener.ts
    at rejector (C:\ProgramData\cocos\editors\Creator\3.8.1\resources\app.asar\node_modules\@editor\lib-programming\static\executor\systemjs-bridge\out\index.js:759:15)
    at ExecutorSystem.resolve [as _detailResolve] (C:\ProgramData\cocos\editors\Creator\3.8.1\resources\app.asar\node_modules\@editor\lib-programming\static\executor\systemjs-bridge\out\index.js:777:13)
    at ExecutorSystem._resolve (C:\ProgramData\cocos\editors\Creator\3.8.1\resources\app.asar\node_modules\@editor\lib-programming\src\editor-systemjs\index.ts:137:14)
    at SystemJS.resolve (C:\ProgramData\cocos\editors\Creator\3.8.1\resources\app.asar\node_modules\@editor\lib-programming\src\editor-systemjs\index.ts:36:23)
    at C:\ProgramData\cocos\editors\Creator\3.8.1\resources\app.asar\node_modules\@editor\lib-programming\static\executor\systemjs-bridge\out\index.js:355:37
    at Array.map (<anonymous>)
    at C:\ProgramData\cocos\editors\Creator\3.8.1\resources\app.asar\node_modules\@editor\lib-programming\static\executor\systemjs-bridge\out\index.js:353:41
    at file:///F:/git/TestMatch3/temp/programming/packer-driver/targets/editor/chunks/6d/6d8fd2b0177941b032ddc0733af48a561fb60657.js:13:13
    at Object.execute (file:///F:/git/TestMatch3/temp/programming/packer-driver/targets/editor/chunks/6d/6d8fd2b0177941b032ddc0733af48a561fb60657.js:8:7)
    at Executor._importPrerequisiteModules (C:\ProgramData\cocos\editors\Creator\3.8.1\resources\app.asar\node_modules\@editor\lib-programming\src\executor\index.ts:311:13)Error: [Scene] {hidden(::SceneExecutorImportExceptionHandler::)} Error: Error: Module "../Game/Types" not found for file:///F:/git/TestMatch3/assets/Scripts/Session/GameoverListener.ts
    at SystemJS.resolve (C:\ProgramData\cocos\editors\Creator\3.8.1\resources\app.asar\node_modules\@editor\lib-programming\src\editor-systemjs\index.ts:36:23)
    at C:\ProgramData\cocos\editors\Creator\3.8.1\resources\app.asar\node_modules\@editor\lib-programming\static\executor\systemjs-bridge\out\index.js:355:37
    at Array.map (<anonymous>)
    at C:\ProgramData\cocos\editors\Creator\3.8.1\resources\app.asar\node_modules\@editor\lib-programming\static\executor\systemjs-bridge\out\index.js:353:41
    at file:///F:/git/TestMatch3/temp/programming/packer-driver/targets/editor/chunks/6d/6d8fd2b0177941b032ddc0733af48a561fb60657.js:13:13
    at Object.execute (file:///F:/git/TestMatch3/temp/programming/packer-driver/targets/editor/chunks/6d/6d8fd2b0177941b032ddc0733af48a561fb60657.js:8:7)
    at Executor._importPrerequisiteModules (C:\ProgramData\cocos\editors\Creator\3.8.1\resources\app.asar\node_modules\@editor\lib-programming\src\executor\index.ts:311:13)
    at Logger._logHandler (C:\ProgramData\cocos\editors\Creator\3.8.1\resources\app.asar\builtin\scene\dist\script\3d\manager\startup\log.ccc:1:492)
    at Logger.record (C:\ProgramData\cocos\editors\Creator\3.8.1\resources\app.asar\node_modules\@base\electron-logger\lib\renderer.ccc:1:458)
    at console.error (C:\ProgramData\cocos\editors\Creator\3.8.1\resources\app.asar\node_modules\@base\electron-logger\lib\renderer.ccc:1:1414)
    at ScriptManager._handleImportException (C:\ProgramData\cocos\editors\Creator\3.8.1\resources\app.asar\builtin\scene\dist\script\3d\manager\scripts.ccc:1:5391)
    at Executor.importExceptionHandler [as _importExceptionHandler] (C:\ProgramData\cocos\editors\Creator\3.8.1\resources\app.asar\builtin\scene\dist\script\3d\manager\scripts.ccc:1:3485)
    at Executor._onModuleLoaded (C:\ProgramData\cocos\editors\Creator\3.8.1\resources\app.asar\node_modules\@editor\lib-programming\src\executor\index.ts:359:22)
    at SystemJS.onload (C:\ProgramData\cocos\editors\Creator\3.8.1\resources\app.asar\node_modules\@editor\lib-programming\src\executor\index.ts:87:18)
    at triggerOnload (C:\ProgramData\cocos\editors\Creator\3.8.1\resources\app.asar\node_modules\@editor\lib-programming\static\executor\systemjs-bridge\out\index.js:270:10)
    at C:\ProgramData\cocos\editors\Creator\3.8.1\resources\app.asar\node_modules\@editor\lib-programming\static\executor\systemjs-bridge\out\index.js:431:7
    at file:///F:/git/TestMatch3/temp/programming/packer-driver/targets/editor/chunks/6d/6d8fd2b0177941b032ddc0733af48a561fb60657.js:13:13
26.09.2024 22:09:06 - warn: [Scene] Missing class: c1362UsvV9E4LqM0J6IEX+3Error: [Scene] Missing class: c1362UsvV9E4LqM0J6IEX+3
    at Object.classFinder (C:\ProgramData\cocos\editors\Creator\3.8.1\resources\app.asar\builtin\engine\dist\editor-extends\missing-reporter\missing-class-reporter.ccc:1:2381)
    at _Deserializer.classFinder [as _classFinder] (C:\ProgramData\cocos\editors\Creator\3.8.1\resources\resources\3d\engine\bin\.cache\dev\editor\bundled\index.js:131392:34)
    at _Deserializer._deserializeTypeTaggedObject (C:\ProgramData\cocos\editors\Creator\3.8.1\resources\resources\3d\engine\bin\.cache\dev\editor\bundled\index.js:48265:30)
    at _Deserializer._deserializeObject (C:\ProgramData\cocos\editors\Creator\3.8.1\resources\resources\3d\engine\bin\.cache\dev\editor\bundled\index.js:48206:29)
    at _Deserializer._deserializeAndAssignField (C:\ProgramData\cocos\editors\Creator\3.8.1\resources\resources\3d\engine\bin\.cache\dev\editor\bundled\index.js:48417:38)
    at _Deserializer._deserializeArray (C:\ProgramData\cocos\editors\Creator\3.8.1\resources\resources\3d\engine\bin\.cache\dev\editor\bundled\index.js:48240:40)
    at _Deserializer._deserializeObject (C:\ProgramData\cocos\editors\Creator\3.8.1\resources\resources\3d\engine\bin\.cache\dev\editor\bundled\index.js:48212:29)
26.09.2024 22:09:06 - error: [Scene] Script "c1362UsvV9E4LqM0J6IEX+3" attached to "GameManager" is missing or invalid. Detailed information:
Node path: "GameManager"
Script UUID: "c136252c-bd5f-44e0-ba8c-d09e88117fb7"
Class ID: "c1362UsvV9E4LqM0J6IEX+3"
Error: [Scene] Script "c1362UsvV9E4LqM0J6IEX+3" attached to "GameManager" is missing or invalid. Detailed information:
Node path: "GameManager"
Script UUID: "c136252c-bd5f-44e0-ba8c-d09e88117fb7"
Class ID: "c1362UsvV9E4LqM0J6IEX+3"

    at report (C:\ProgramData\cocos\editors\Creator\3.8.1\resources\app.asar\builtin\engine\dist\editor-extends\missing-reporter\missing-class-reporter.ccc:1:1393)
    at reportByWalker (C:\ProgramData\cocos\editors\Creator\3.8.1\resources\app.asar\builtin\engine\dist\editor-extends\missing-reporter\missing-class-reporter.ccc:1:1606)
26.09.2024 23:28:29 - warn: Please set the application in Preferences -> External Programs -> Default Script Editor to better open the script
26.09.2024 23:35:25 - warn: [Scene] Did you forget the extension? Please note that you can not omit extension in module specifier.Error: [Scene] Did you forget the extension? Please note that you can not omit extension in module specifier.
    at logger (C:\ProgramData\cocos\editors\Creator\3.8.1\resources\app.asar\node_modules\@editor\lib-programming\static\executor\systemjs-bridge\out\index.js:755:13)
    at ExecutorSystem.resolve [as _detailResolve] (C:\ProgramData\cocos\editors\Creator\3.8.1\resources\app.asar\node_modules\@editor\lib-programming\static\executor\systemjs-bridge\out\index.js:772:17)
    at ExecutorSystem._resolve (C:\ProgramData\cocos\editors\Creator\3.8.1\resources\app.asar\node_modules\@editor\lib-programming\src\editor-systemjs\index.ts:137:14)
    at SystemJS.resolve (C:\ProgramData\cocos\editors\Creator\3.8.1\resources\app.asar\node_modules\@editor\lib-programming\src\editor-systemjs\index.ts:36:23)
    at C:\ProgramData\cocos\editors\Creator\3.8.1\resources\app.asar\node_modules\@editor\lib-programming\static\executor\systemjs-bridge\out\index.js:355:37
    at Array.map (<anonymous>)
    at C:\ProgramData\cocos\editors\Creator\3.8.1\resources\app.asar\node_modules\@editor\lib-programming\static\executor\systemjs-bridge\out\index.js:353:41
26.09.2024 23:35:25 - warn: [Scene] Did you forget the extension? Please note that you can not omit extension in module specifier.Error: [Scene] Did you forget the extension? Please note that you can not omit extension in module specifier.
    at logger (C:\ProgramData\cocos\editors\Creator\3.8.1\resources\app.asar\node_modules\@editor\lib-programming\static\executor\systemjs-bridge\out\index.js:755:13)
    at ExecutorSystem.resolve [as _detailResolve] (C:\ProgramData\cocos\editors\Creator\3.8.1\resources\app.asar\node_modules\@editor\lib-programming\static\executor\systemjs-bridge\out\index.js:772:17)
    at ExecutorSystem._resolve (C:\ProgramData\cocos\editors\Creator\3.8.1\resources\app.asar\node_modules\@editor\lib-programming\src\editor-systemjs\index.ts:137:14)
    at SystemJS.resolve (C:\ProgramData\cocos\editors\Creator\3.8.1\resources\app.asar\node_modules\@editor\lib-programming\src\editor-systemjs\index.ts:36:23)
    at C:\ProgramData\cocos\editors\Creator\3.8.1\resources\app.asar\node_modules\@editor\lib-programming\static\executor\systemjs-bridge\out\index.js:355:37
    at Array.map (<anonymous>)
    at C:\ProgramData\cocos\editors\Creator\3.8.1\resources\app.asar\node_modules\@editor\lib-programming\static\executor\systemjs-bridge\out\index.js:353:41
26.09.2024 23:35:25 - error: [Scene] {hidden(::SceneExecutorImportExceptionHandler::)} Error: Error: Module "../GameStats/GameStats" not found for file:///F:/git/TestMatch3/assets/Scripts/Session/GameLogic.ts
    at rejector (C:\ProgramData\cocos\editors\Creator\3.8.1\resources\app.asar\node_modules\@editor\lib-programming\static\executor\systemjs-bridge\out\index.js:759:15)
    at ExecutorSystem.resolve [as _detailResolve] (C:\ProgramData\cocos\editors\Creator\3.8.1\resources\app.asar\node_modules\@editor\lib-programming\static\executor\systemjs-bridge\out\index.js:777:13)
    at ExecutorSystem._resolve (C:\ProgramData\cocos\editors\Creator\3.8.1\resources\app.asar\node_modules\@editor\lib-programming\src\editor-systemjs\index.ts:137:14)
    at SystemJS.resolve (C:\ProgramData\cocos\editors\Creator\3.8.1\resources\app.asar\node_modules\@editor\lib-programming\src\editor-systemjs\index.ts:36:23)
    at C:\ProgramData\cocos\editors\Creator\3.8.1\resources\app.asar\node_modules\@editor\lib-programming\static\executor\systemjs-bridge\out\index.js:355:37
    at Array.map (<anonymous>)
    at C:\ProgramData\cocos\editors\Creator\3.8.1\resources\app.asar\node_modules\@editor\lib-programming\static\executor\systemjs-bridge\out\index.js:353:41Error: [Scene] {hidden(::SceneExecutorImportExceptionHandler::)} Error: Error: Module "../GameStats/GameStats" not found for file:///F:/git/TestMatch3/assets/Scripts/Session/GameLogic.ts
    at SystemJS.resolve (C:\ProgramData\cocos\editors\Creator\3.8.1\resources\app.asar\node_modules\@editor\lib-programming\src\editor-systemjs\index.ts:36:23)
    at C:\ProgramData\cocos\editors\Creator\3.8.1\resources\app.asar\node_modules\@editor\lib-programming\static\executor\systemjs-bridge\out\index.js:355:37
    at Array.map (<anonymous>)
    at C:\ProgramData\cocos\editors\Creator\3.8.1\resources\app.asar\node_modules\@editor\lib-programming\static\executor\systemjs-bridge\out\index.js:353:41
    at Logger._logHandler (C:\ProgramData\cocos\editors\Creator\3.8.1\resources\app.asar\builtin\scene\dist\script\3d\manager\startup\log.ccc:1:492)
    at Logger.record (C:\ProgramData\cocos\editors\Creator\3.8.1\resources\app.asar\node_modules\@base\electron-logger\lib\renderer.ccc:1:458)
    at console.error (C:\ProgramData\cocos\editors\Creator\3.8.1\resources\app.asar\node_modules\@base\electron-logger\lib\renderer.ccc:1:1414)
    at ScriptManager._handleImportException (C:\ProgramData\cocos\editors\Creator\3.8.1\resources\app.asar\builtin\scene\dist\script\3d\manager\scripts.ccc:1:5391)
    at Executor.importExceptionHandler [as _importExceptionHandler] (C:\ProgramData\cocos\editors\Creator\3.8.1\resources\app.asar\builtin\scene\dist\script\3d\manager\scripts.ccc:1:3485)
    at Executor._onModuleLoaded (C:\ProgramData\cocos\editors\Creator\3.8.1\resources\app.asar\node_modules\@editor\lib-programming\src\executor\index.ts:359:22)
    at SystemJS.onload (C:\ProgramData\cocos\editors\Creator\3.8.1\resources\app.asar\node_modules\@editor\lib-programming\src\executor\index.ts:87:18)
    at triggerOnload (C:\ProgramData\cocos\editors\Creator\3.8.1\resources\app.asar\node_modules\@editor\lib-programming\static\executor\systemjs-bridge\out\index.js:270:10)
    at C:\ProgramData\cocos\editors\Creator\3.8.1\resources\app.asar\node_modules\@editor\lib-programming\static\executor\systemjs-bridge\out\index.js:431:7
    at async Promise.all (index 2)
26.09.2024 23:35:25 - error: [Scene] {hidden(::SceneExecutorImportExceptionHandler::)} Error: Error: Module "../BusinessScene/ManagerTypes" not found for file:///F:/git/TestMatch3/assets/Scripts/Session/SessionDeviceListener.ts
    at rejector (C:\ProgramData\cocos\editors\Creator\3.8.1\resources\app.asar\node_modules\@editor\lib-programming\static\executor\systemjs-bridge\out\index.js:759:15)
    at ExecutorSystem.resolve [as _detailResolve] (C:\ProgramData\cocos\editors\Creator\3.8.1\resources\app.asar\node_modules\@editor\lib-programming\static\executor\systemjs-bridge\out\index.js:777:13)
    at ExecutorSystem._resolve (C:\ProgramData\cocos\editors\Creator\3.8.1\resources\app.asar\node_modules\@editor\lib-programming\src\editor-systemjs\index.ts:137:14)
    at SystemJS.resolve (C:\ProgramData\cocos\editors\Creator\3.8.1\resources\app.asar\node_modules\@editor\lib-programming\src\editor-systemjs\index.ts:36:23)
    at C:\ProgramData\cocos\editors\Creator\3.8.1\resources\app.asar\node_modules\@editor\lib-programming\static\executor\systemjs-bridge\out\index.js:355:37
    at Array.map (<anonymous>)
    at C:\ProgramData\cocos\editors\Creator\3.8.1\resources\app.asar\node_modules\@editor\lib-programming\static\executor\systemjs-bridge\out\index.js:353:41Error: [Scene] {hidden(::SceneExecutorImportExceptionHandler::)} Error: Error: Module "../BusinessScene/ManagerTypes" not found for file:///F:/git/TestMatch3/assets/Scripts/Session/SessionDeviceListener.ts
    at SystemJS.resolve (C:\ProgramData\cocos\editors\Creator\3.8.1\resources\app.asar\node_modules\@editor\lib-programming\src\editor-systemjs\index.ts:36:23)
    at C:\ProgramData\cocos\editors\Creator\3.8.1\resources\app.asar\node_modules\@editor\lib-programming\static\executor\systemjs-bridge\out\index.js:355:37
    at Array.map (<anonymous>)
    at C:\ProgramData\cocos\editors\Creator\3.8.1\resources\app.asar\node_modules\@editor\lib-programming\static\executor\systemjs-bridge\out\index.js:353:41
    at Logger._logHandler (C:\ProgramData\cocos\editors\Creator\3.8.1\resources\app.asar\builtin\scene\dist\script\3d\manager\startup\log.ccc:1:492)
    at Logger.record (C:\ProgramData\cocos\editors\Creator\3.8.1\resources\app.asar\node_modules\@base\electron-logger\lib\renderer.ccc:1:458)
    at console.error (C:\ProgramData\cocos\editors\Creator\3.8.1\resources\app.asar\node_modules\@base\electron-logger\lib\renderer.ccc:1:1414)
    at ScriptManager._handleImportException (C:\ProgramData\cocos\editors\Creator\3.8.1\resources\app.asar\builtin\scene\dist\script\3d\manager\scripts.ccc:1:5391)
    at Executor.importExceptionHandler [as _importExceptionHandler] (C:\ProgramData\cocos\editors\Creator\3.8.1\resources\app.asar\builtin\scene\dist\script\3d\manager\scripts.ccc:1:3485)
    at Executor._onModuleLoaded (C:\ProgramData\cocos\editors\Creator\3.8.1\resources\app.asar\node_modules\@editor\lib-programming\src\executor\index.ts:359:22)
    at SystemJS.onload (C:\ProgramData\cocos\editors\Creator\3.8.1\resources\app.asar\node_modules\@editor\lib-programming\src\executor\index.ts:87:18)
    at triggerOnload (C:\ProgramData\cocos\editors\Creator\3.8.1\resources\app.asar\node_modules\@editor\lib-programming\static\executor\systemjs-bridge\out\index.js:270:10)
    at C:\ProgramData\cocos\editors\Creator\3.8.1\resources\app.asar\node_modules\@editor\lib-programming\static\executor\systemjs-bridge\out\index.js:431:7
    at async Promise.all (index 3)
26.09.2024 23:35:25 - warn: [Scene] Did you forget the extension? Please note that you can not omit extension in module specifier.Error: [Scene] Did you forget the extension? Please note that you can not omit extension in module specifier.
    at logger (C:\ProgramData\cocos\editors\Creator\3.8.1\resources\app.asar\node_modules\@editor\lib-programming\static\executor\systemjs-bridge\out\index.js:755:13)
    at ExecutorSystem.resolve [as _detailResolve] (C:\ProgramData\cocos\editors\Creator\3.8.1\resources\app.asar\node_modules\@editor\lib-programming\static\executor\systemjs-bridge\out\index.js:772:17)
    at ExecutorSystem._resolve (C:\ProgramData\cocos\editors\Creator\3.8.1\resources\app.asar\node_modules\@editor\lib-programming\src\editor-systemjs\index.ts:137:14)
    at SystemJS.resolve (C:\ProgramData\cocos\editors\Creator\3.8.1\resources\app.asar\node_modules\@editor\lib-programming\src\editor-systemjs\index.ts:36:23)
    at C:\ProgramData\cocos\editors\Creator\3.8.1\resources\app.asar\node_modules\@editor\lib-programming\static\executor\systemjs-bridge\out\index.js:355:37
    at Array.map (<anonymous>)
    at C:\ProgramData\cocos\editors\Creator\3.8.1\resources\app.asar\node_modules\@editor\lib-programming\static\executor\systemjs-bridge\out\index.js:353:41
26.09.2024 23:35:25 - error: [Scene] {hidden(::SceneExecutorImportExceptionHandler::)} Error: Error: Module "./ApplicationConfig" not found for file:///F:/git/TestMatch3/assets/Scripts/Application/AppState.ts
    at rejector (C:\ProgramData\cocos\editors\Creator\3.8.1\resources\app.asar\node_modules\@editor\lib-programming\static\executor\systemjs-bridge\out\index.js:759:15)
    at ExecutorSystem.resolve [as _detailResolve] (C:\ProgramData\cocos\editors\Creator\3.8.1\resources\app.asar\node_modules\@editor\lib-programming\static\executor\systemjs-bridge\out\index.js:777:13)
    at ExecutorSystem._resolve (C:\ProgramData\cocos\editors\Creator\3.8.1\resources\app.asar\node_modules\@editor\lib-programming\src\editor-systemjs\index.ts:137:14)
    at SystemJS.resolve (C:\ProgramData\cocos\editors\Creator\3.8.1\resources\app.asar\node_modules\@editor\lib-programming\src\editor-systemjs\index.ts:36:23)
    at C:\ProgramData\cocos\editors\Creator\3.8.1\resources\app.asar\node_modules\@editor\lib-programming\static\executor\systemjs-bridge\out\index.js:355:37
    at Array.map (<anonymous>)
    at C:\ProgramData\cocos\editors\Creator\3.8.1\resources\app.asar\node_modules\@editor\lib-programming\static\executor\systemjs-bridge\out\index.js:353:41
    at file:///F:/git/TestMatch3/temp/programming/packer-driver/targets/editor/chunks/6d/6d8fd2b0177941b032ddc0733af48a561fb60657.js:13:13
    at Object.execute (file:///F:/git/TestMatch3/temp/programming/packer-driver/targets/editor/chunks/6d/6d8fd2b0177941b032ddc0733af48a561fb60657.js:8:7)
    at Executor._importPrerequisiteModules (C:\ProgramData\cocos\editors\Creator\3.8.1\resources\app.asar\node_modules\@editor\lib-programming\src\executor\index.ts:311:13)Error: [Scene] {hidden(::SceneExecutorImportExceptionHandler::)} Error: Error: Module "./ApplicationConfig" not found for file:///F:/git/TestMatch3/assets/Scripts/Application/AppState.ts
    at SystemJS.resolve (C:\ProgramData\cocos\editors\Creator\3.8.1\resources\app.asar\node_modules\@editor\lib-programming\src\editor-systemjs\index.ts:36:23)
    at C:\ProgramData\cocos\editors\Creator\3.8.1\resources\app.asar\node_modules\@editor\lib-programming\static\executor\systemjs-bridge\out\index.js:355:37
    at Array.map (<anonymous>)
    at C:\ProgramData\cocos\editors\Creator\3.8.1\resources\app.asar\node_modules\@editor\lib-programming\static\executor\systemjs-bridge\out\index.js:353:41
    at file:///F:/git/TestMatch3/temp/programming/packer-driver/targets/editor/chunks/6d/6d8fd2b0177941b032ddc0733af48a561fb60657.js:13:13
    at Object.execute (file:///F:/git/TestMatch3/temp/programming/packer-driver/targets/editor/chunks/6d/6d8fd2b0177941b032ddc0733af48a561fb60657.js:8:7)
    at Executor._importPrerequisiteModules (C:\ProgramData\cocos\editors\Creator\3.8.1\resources\app.asar\node_modules\@editor\lib-programming\src\executor\index.ts:311:13)
    at Logger._logHandler (C:\ProgramData\cocos\editors\Creator\3.8.1\resources\app.asar\builtin\scene\dist\script\3d\manager\startup\log.ccc:1:492)
    at Logger.record (C:\ProgramData\cocos\editors\Creator\3.8.1\resources\app.asar\node_modules\@base\electron-logger\lib\renderer.ccc:1:458)
    at console.error (C:\ProgramData\cocos\editors\Creator\3.8.1\resources\app.asar\node_modules\@base\electron-logger\lib\renderer.ccc:1:1414)
    at ScriptManager._handleImportException (C:\ProgramData\cocos\editors\Creator\3.8.1\resources\app.asar\builtin\scene\dist\script\3d\manager\scripts.ccc:1:5391)
    at Executor.importExceptionHandler [as _importExceptionHandler] (C:\ProgramData\cocos\editors\Creator\3.8.1\resources\app.asar\builtin\scene\dist\script\3d\manager\scripts.ccc:1:3485)
    at Executor._onModuleLoaded (C:\ProgramData\cocos\editors\Creator\3.8.1\resources\app.asar\node_modules\@editor\lib-programming\src\executor\index.ts:359:22)
    at SystemJS.onload (C:\ProgramData\cocos\editors\Creator\3.8.1\resources\app.asar\node_modules\@editor\lib-programming\src\executor\index.ts:87:18)
    at triggerOnload (C:\ProgramData\cocos\editors\Creator\3.8.1\resources\app.asar\node_modules\@editor\lib-programming\static\executor\systemjs-bridge\out\index.js:270:10)
    at C:\ProgramData\cocos\editors\Creator\3.8.1\resources\app.asar\node_modules\@editor\lib-programming\static\executor\systemjs-bridge\out\index.js:431:7
    at file:///F:/git/TestMatch3/temp/programming/packer-driver/targets/editor/chunks/6d/6d8fd2b0177941b032ddc0733af48a561fb60657.js:13:13
26.09.2024 23:35:25 - warn: [Scene] Did you forget the extension? Please note that you can not omit extension in module specifier.Error: [Scene] Did you forget the extension? Please note that you can not omit extension in module specifier.
    at logger (C:\ProgramData\cocos\editors\Creator\3.8.1\resources\app.asar\node_modules\@editor\lib-programming\static\executor\systemjs-bridge\out\index.js:755:13)
    at ExecutorSystem.resolve [as _detailResolve] (C:\ProgramData\cocos\editors\Creator\3.8.1\resources\app.asar\node_modules\@editor\lib-programming\static\executor\systemjs-bridge\out\index.js:772:17)
    at ExecutorSystem._resolve (C:\ProgramData\cocos\editors\Creator\3.8.1\resources\app.asar\node_modules\@editor\lib-programming\src\editor-systemjs\index.ts:137:14)
    at SystemJS.resolve (C:\ProgramData\cocos\editors\Creator\3.8.1\resources\app.asar\node_modules\@editor\lib-programming\src\editor-systemjs\index.ts:36:23)
    at C:\ProgramData\cocos\editors\Creator\3.8.1\resources\app.asar\node_modules\@editor\lib-programming\static\executor\systemjs-bridge\out\index.js:355:37
    at Array.map (<anonymous>)
    at C:\ProgramData\cocos\editors\Creator\3.8.1\resources\app.asar\node_modules\@editor\lib-programming\static\executor\systemjs-bridge\out\index.js:353:41
26.09.2024 23:35:25 - warn: [Scene] Did you forget the extension? Please note that you can not omit extension in module specifier.Error: [Scene] Did you forget the extension? Please note that you can not omit extension in module specifier.
    at logger (C:\ProgramData\cocos\editors\Creator\3.8.1\resources\app.asar\node_modules\@editor\lib-programming\static\executor\systemjs-bridge\out\index.js:755:13)
    at ExecutorSystem.resolve [as _detailResolve] (C:\ProgramData\cocos\editors\Creator\3.8.1\resources\app.asar\node_modules\@editor\lib-programming\static\executor\systemjs-bridge\out\index.js:772:17)
    at ExecutorSystem._resolve (C:\ProgramData\cocos\editors\Creator\3.8.1\resources\app.asar\node_modules\@editor\lib-programming\src\editor-systemjs\index.ts:137:14)
    at SystemJS.resolve (C:\ProgramData\cocos\editors\Creator\3.8.1\resources\app.asar\node_modules\@editor\lib-programming\src\editor-systemjs\index.ts:36:23)
    at C:\ProgramData\cocos\editors\Creator\3.8.1\resources\app.asar\node_modules\@editor\lib-programming\static\executor\systemjs-bridge\out\index.js:355:37
    at Array.map (<anonymous>)
    at C:\ProgramData\cocos\editors\Creator\3.8.1\resources\app.asar\node_modules\@editor\lib-programming\static\executor\systemjs-bridge\out\index.js:353:41
26.09.2024 23:35:25 - error: [Scene] {hidden(::SceneExecutorImportExceptionHandler::)} Error: Error: Module "./Application/ApplicationConfig" not found for file:///F:/git/TestMatch3/assets/Scripts/GameManagerComponent.ts
    at rejector (C:\ProgramData\cocos\editors\Creator\3.8.1\resources\app.asar\node_modules\@editor\lib-programming\static\executor\systemjs-bridge\out\index.js:759:15)
    at ExecutorSystem.resolve [as _detailResolve] (C:\ProgramData\cocos\editors\Creator\3.8.1\resources\app.asar\node_modules\@editor\lib-programming\static\executor\systemjs-bridge\out\index.js:777:13)
    at ExecutorSystem._resolve (C:\ProgramData\cocos\editors\Creator\3.8.1\resources\app.asar\node_modules\@editor\lib-programming\src\editor-systemjs\index.ts:137:14)
    at SystemJS.resolve (C:\ProgramData\cocos\editors\Creator\3.8.1\resources\app.asar\node_modules\@editor\lib-programming\src\editor-systemjs\index.ts:36:23)
    at C:\ProgramData\cocos\editors\Creator\3.8.1\resources\app.asar\node_modules\@editor\lib-programming\static\executor\systemjs-bridge\out\index.js:355:37
    at Array.map (<anonymous>)
    at C:\ProgramData\cocos\editors\Creator\3.8.1\resources\app.asar\node_modules\@editor\lib-programming\static\executor\systemjs-bridge\out\index.js:353:41
    at file:///F:/git/TestMatch3/temp/programming/packer-driver/targets/editor/chunks/6d/6d8fd2b0177941b032ddc0733af48a561fb60657.js:13:13
    at Object.execute (file:///F:/git/TestMatch3/temp/programming/packer-driver/targets/editor/chunks/6d/6d8fd2b0177941b032ddc0733af48a561fb60657.js:8:7)
    at Executor._importPrerequisiteModules (C:\ProgramData\cocos\editors\Creator\3.8.1\resources\app.asar\node_modules\@editor\lib-programming\src\executor\index.ts:311:13)Error: [Scene] {hidden(::SceneExecutorImportExceptionHandler::)} Error: Error: Module "./Application/ApplicationConfig" not found for file:///F:/git/TestMatch3/assets/Scripts/GameManagerComponent.ts
    at SystemJS.resolve (C:\ProgramData\cocos\editors\Creator\3.8.1\resources\app.asar\node_modules\@editor\lib-programming\src\editor-systemjs\index.ts:36:23)
    at C:\ProgramData\cocos\editors\Creator\3.8.1\resources\app.asar\node_modules\@editor\lib-programming\static\executor\systemjs-bridge\out\index.js:355:37
    at Array.map (<anonymous>)
    at C:\ProgramData\cocos\editors\Creator\3.8.1\resources\app.asar\node_modules\@editor\lib-programming\static\executor\systemjs-bridge\out\index.js:353:41
    at file:///F:/git/TestMatch3/temp/programming/packer-driver/targets/editor/chunks/6d/6d8fd2b0177941b032ddc0733af48a561fb60657.js:13:13
    at Object.execute (file:///F:/git/TestMatch3/temp/programming/packer-driver/targets/editor/chunks/6d/6d8fd2b0177941b032ddc0733af48a561fb60657.js:8:7)
    at Executor._importPrerequisiteModules (C:\ProgramData\cocos\editors\Creator\3.8.1\resources\app.asar\node_modules\@editor\lib-programming\src\executor\index.ts:311:13)
    at Logger._logHandler (C:\ProgramData\cocos\editors\Creator\3.8.1\resources\app.asar\builtin\scene\dist\script\3d\manager\startup\log.ccc:1:492)
    at Logger.record (C:\ProgramData\cocos\editors\Creator\3.8.1\resources\app.asar\node_modules\@base\electron-logger\lib\renderer.ccc:1:458)
    at console.error (C:\ProgramData\cocos\editors\Creator\3.8.1\resources\app.asar\node_modules\@base\electron-logger\lib\renderer.ccc:1:1414)
    at ScriptManager._handleImportException (C:\ProgramData\cocos\editors\Creator\3.8.1\resources\app.asar\builtin\scene\dist\script\3d\manager\scripts.ccc:1:5391)
    at Executor.importExceptionHandler [as _importExceptionHandler] (C:\ProgramData\cocos\editors\Creator\3.8.1\resources\app.asar\builtin\scene\dist\script\3d\manager\scripts.ccc:1:3485)
    at Executor._onModuleLoaded (C:\ProgramData\cocos\editors\Creator\3.8.1\resources\app.asar\node_modules\@editor\lib-programming\src\executor\index.ts:359:22)
    at SystemJS.onload (C:\ProgramData\cocos\editors\Creator\3.8.1\resources\app.asar\node_modules\@editor\lib-programming\src\executor\index.ts:87:18)
    at triggerOnload (C:\ProgramData\cocos\editors\Creator\3.8.1\resources\app.asar\node_modules\@editor\lib-programming\static\executor\systemjs-bridge\out\index.js:270:10)
    at C:\ProgramData\cocos\editors\Creator\3.8.1\resources\app.asar\node_modules\@editor\lib-programming\static\executor\systemjs-bridge\out\index.js:431:7
    at file:///F:/git/TestMatch3/temp/programming/packer-driver/targets/editor/chunks/6d/6d8fd2b0177941b032ddc0733af48a561fb60657.js:13:13
26.09.2024 23:35:25 - error: [Scene] {hidden(::SceneExecutorImportExceptionHandler::)} Error: Error: Module "../../Game/GameState" not found for file:///F:/git/TestMatch3/assets/Scripts/Save/Editor/EditorSaveState.ts
    at rejector (C:\ProgramData\cocos\editors\Creator\3.8.1\resources\app.asar\node_modules\@editor\lib-programming\static\executor\systemjs-bridge\out\index.js:759:15)
    at ExecutorSystem.resolve [as _detailResolve] (C:\ProgramData\cocos\editors\Creator\3.8.1\resources\app.asar\node_modules\@editor\lib-programming\static\executor\systemjs-bridge\out\index.js:777:13)
    at ExecutorSystem._resolve (C:\ProgramData\cocos\editors\Creator\3.8.1\resources\app.asar\node_modules\@editor\lib-programming\src\editor-systemjs\index.ts:137:14)
    at SystemJS.resolve (C:\ProgramData\cocos\editors\Creator\3.8.1\resources\app.asar\node_modules\@editor\lib-programming\src\editor-systemjs\index.ts:36:23)
    at C:\ProgramData\cocos\editors\Creator\3.8.1\resources\app.asar\node_modules\@editor\lib-programming\static\executor\systemjs-bridge\out\index.js:355:37
    at Array.map (<anonymous>)
    at C:\ProgramData\cocos\editors\Creator\3.8.1\resources\app.asar\node_modules\@editor\lib-programming\static\executor\systemjs-bridge\out\index.js:353:41Error: [Scene] {hidden(::SceneExecutorImportExceptionHandler::)} Error: Error: Module "../../Game/GameState" not found for file:///F:/git/TestMatch3/assets/Scripts/Save/Editor/EditorSaveState.ts
    at SystemJS.resolve (C:\ProgramData\cocos\editors\Creator\3.8.1\resources\app.asar\node_modules\@editor\lib-programming\src\editor-systemjs\index.ts:36:23)
    at C:\ProgramData\cocos\editors\Creator\3.8.1\resources\app.asar\node_modules\@editor\lib-programming\static\executor\systemjs-bridge\out\index.js:355:37
    at Array.map (<anonymous>)
    at C:\ProgramData\cocos\editors\Creator\3.8.1\resources\app.asar\node_modules\@editor\lib-programming\static\executor\systemjs-bridge\out\index.js:353:41
    at Logger._logHandler (C:\ProgramData\cocos\editors\Creator\3.8.1\resources\app.asar\builtin\scene\dist\script\3d\manager\startup\log.ccc:1:492)
    at Logger.record (C:\ProgramData\cocos\editors\Creator\3.8.1\resources\app.asar\node_modules\@base\electron-logger\lib\renderer.ccc:1:458)
    at console.error (C:\ProgramData\cocos\editors\Creator\3.8.1\resources\app.asar\node_modules\@base\electron-logger\lib\renderer.ccc:1:1414)
    at ScriptManager._handleImportException (C:\ProgramData\cocos\editors\Creator\3.8.1\resources\app.asar\builtin\scene\dist\script\3d\manager\scripts.ccc:1:5391)
    at Executor.importExceptionHandler [as _importExceptionHandler] (C:\ProgramData\cocos\editors\Creator\3.8.1\resources\app.asar\builtin\scene\dist\script\3d\manager\scripts.ccc:1:3485)
    at Executor._onModuleLoaded (C:\ProgramData\cocos\editors\Creator\3.8.1\resources\app.asar\node_modules\@editor\lib-programming\src\executor\index.ts:359:22)
    at SystemJS.onload (C:\ProgramData\cocos\editors\Creator\3.8.1\resources\app.asar\node_modules\@editor\lib-programming\src\executor\index.ts:87:18)
    at triggerOnload (C:\ProgramData\cocos\editors\Creator\3.8.1\resources\app.asar\node_modules\@editor\lib-programming\static\executor\systemjs-bridge\out\index.js:270:10)
    at C:\ProgramData\cocos\editors\Creator\3.8.1\resources\app.asar\node_modules\@editor\lib-programming\static\executor\systemjs-bridge\out\index.js:431:7
    at file:///F:/git/TestMatch3/temp/programming/packer-driver/targets/editor/chunks/6d/6d8fd2b0177941b032ddc0733af48a561fb60657.js:13:13
26.09.2024 23:35:25 - warn: [Scene] Did you forget the extension? Please note that you can not omit extension in module specifier.Error: [Scene] Did you forget the extension? Please note that you can not omit extension in module specifier.
    at logger (C:\ProgramData\cocos\editors\Creator\3.8.1\resources\app.asar\node_modules\@editor\lib-programming\static\executor\systemjs-bridge\out\index.js:755:13)
    at ExecutorSystem.resolve [as _detailResolve] (C:\ProgramData\cocos\editors\Creator\3.8.1\resources\app.asar\node_modules\@editor\lib-programming\static\executor\systemjs-bridge\out\index.js:772:17)
    at ExecutorSystem._resolve (C:\ProgramData\cocos\editors\Creator\3.8.1\resources\app.asar\node_modules\@editor\lib-programming\src\editor-systemjs\index.ts:137:14)
    at SystemJS.resolve (C:\ProgramData\cocos\editors\Creator\3.8.1\resources\app.asar\node_modules\@editor\lib-programming\src\editor-systemjs\index.ts:36:23)
    at C:\ProgramData\cocos\editors\Creator\3.8.1\resources\app.asar\node_modules\@editor\lib-programming\static\executor\systemjs-bridge\out\index.js:355:37
    at Array.map (<anonymous>)
    at C:\ProgramData\cocos\editors\Creator\3.8.1\resources\app.asar\node_modules\@editor\lib-programming\static\executor\systemjs-bridge\out\index.js:353:41
26.09.2024 23:35:25 - error: [Scene] {hidden(::SceneExecutorImportExceptionHandler::)} Error: Error: Module "./LocationType" not found for file:///F:/git/TestMatch3/assets/Scripts/Scene/TransferComponent.ts
    at rejector (C:\ProgramData\cocos\editors\Creator\3.8.1\resources\app.asar\node_modules\@editor\lib-programming\static\executor\systemjs-bridge\out\index.js:759:15)
    at ExecutorSystem.resolve [as _detailResolve] (C:\ProgramData\cocos\editors\Creator\3.8.1\resources\app.asar\node_modules\@editor\lib-programming\static\executor\systemjs-bridge\out\index.js:777:13)
    at ExecutorSystem._resolve (C:\ProgramData\cocos\editors\Creator\3.8.1\resources\app.asar\node_modules\@editor\lib-programming\src\editor-systemjs\index.ts:137:14)
    at SystemJS.resolve (C:\ProgramData\cocos\editors\Creator\3.8.1\resources\app.asar\node_modules\@editor\lib-programming\src\editor-systemjs\index.ts:36:23)
    at C:\ProgramData\cocos\editors\Creator\3.8.1\resources\app.asar\node_modules\@editor\lib-programming\static\executor\systemjs-bridge\out\index.js:355:37
    at Array.map (<anonymous>)
    at C:\ProgramData\cocos\editors\Creator\3.8.1\resources\app.asar\node_modules\@editor\lib-programming\static\executor\systemjs-bridge\out\index.js:353:41
    at file:///F:/git/TestMatch3/temp/programming/packer-driver/targets/editor/chunks/6d/6d8fd2b0177941b032ddc0733af48a561fb60657.js:13:13
    at Object.execute (file:///F:/git/TestMatch3/temp/programming/packer-driver/targets/editor/chunks/6d/6d8fd2b0177941b032ddc0733af48a561fb60657.js:8:7)
    at Executor._importPrerequisiteModules (C:\ProgramData\cocos\editors\Creator\3.8.1\resources\app.asar\node_modules\@editor\lib-programming\src\executor\index.ts:311:13)Error: [Scene] {hidden(::SceneExecutorImportExceptionHandler::)} Error: Error: Module "./LocationType" not found for file:///F:/git/TestMatch3/assets/Scripts/Scene/TransferComponent.ts
    at SystemJS.resolve (C:\ProgramData\cocos\editors\Creator\3.8.1\resources\app.asar\node_modules\@editor\lib-programming\src\editor-systemjs\index.ts:36:23)
    at C:\ProgramData\cocos\editors\Creator\3.8.1\resources\app.asar\node_modules\@editor\lib-programming\static\executor\systemjs-bridge\out\index.js:355:37
    at Array.map (<anonymous>)
    at C:\ProgramData\cocos\editors\Creator\3.8.1\resources\app.asar\node_modules\@editor\lib-programming\static\executor\systemjs-bridge\out\index.js:353:41
    at file:///F:/git/TestMatch3/temp/programming/packer-driver/targets/editor/chunks/6d/6d8fd2b0177941b032ddc0733af48a561fb60657.js:13:13
    at Object.execute (file:///F:/git/TestMatch3/temp/programming/packer-driver/targets/editor/chunks/6d/6d8fd2b0177941b032ddc0733af48a561fb60657.js:8:7)
    at Executor._importPrerequisiteModules (C:\ProgramData\cocos\editors\Creator\3.8.1\resources\app.asar\node_modules\@editor\lib-programming\src\executor\index.ts:311:13)
    at Logger._logHandler (C:\ProgramData\cocos\editors\Creator\3.8.1\resources\app.asar\builtin\scene\dist\script\3d\manager\startup\log.ccc:1:492)
    at Logger.record (C:\ProgramData\cocos\editors\Creator\3.8.1\resources\app.asar\node_modules\@base\electron-logger\lib\renderer.ccc:1:458)
    at console.error (C:\ProgramData\cocos\editors\Creator\3.8.1\resources\app.asar\node_modules\@base\electron-logger\lib\renderer.ccc:1:1414)
    at ScriptManager._handleImportException (C:\ProgramData\cocos\editors\Creator\3.8.1\resources\app.asar\builtin\scene\dist\script\3d\manager\scripts.ccc:1:5391)
    at Executor.importExceptionHandler [as _importExceptionHandler] (C:\ProgramData\cocos\editors\Creator\3.8.1\resources\app.asar\builtin\scene\dist\script\3d\manager\scripts.ccc:1:3485)
    at Executor._onModuleLoaded (C:\ProgramData\cocos\editors\Creator\3.8.1\resources\app.asar\node_modules\@editor\lib-programming\src\executor\index.ts:359:22)
    at SystemJS.onload (C:\ProgramData\cocos\editors\Creator\3.8.1\resources\app.asar\node_modules\@editor\lib-programming\src\executor\index.ts:87:18)
    at triggerOnload (C:\ProgramData\cocos\editors\Creator\3.8.1\resources\app.asar\node_modules\@editor\lib-programming\static\executor\systemjs-bridge\out\index.js:270:10)
    at C:\ProgramData\cocos\editors\Creator\3.8.1\resources\app.asar\node_modules\@editor\lib-programming\static\executor\systemjs-bridge\out\index.js:431:7
    at file:///F:/git/TestMatch3/temp/programming/packer-driver/targets/editor/chunks/6d/6d8fd2b0177941b032ddc0733af48a561fb60657.js:13:13
26.09.2024 23:35:25 - warn: [Scene] Did you forget the extension? Please note that you can not omit extension in module specifier.Error: [Scene] Did you forget the extension? Please note that you can not omit extension in module specifier.
    at logger (C:\ProgramData\cocos\editors\Creator\3.8.1\resources\app.asar\node_modules\@editor\lib-programming\static\executor\systemjs-bridge\out\index.js:755:13)
    at ExecutorSystem.resolve [as _detailResolve] (C:\ProgramData\cocos\editors\Creator\3.8.1\resources\app.asar\node_modules\@editor\lib-programming\static\executor\systemjs-bridge\out\index.js:772:17)
    at ExecutorSystem._resolve (C:\ProgramData\cocos\editors\Creator\3.8.1\resources\app.asar\node_modules\@editor\lib-programming\src\editor-systemjs\index.ts:137:14)
    at SystemJS.resolve (C:\ProgramData\cocos\editors\Creator\3.8.1\resources\app.asar\node_modules\@editor\lib-programming\src\editor-systemjs\index.ts:36:23)
    at C:\ProgramData\cocos\editors\Creator\3.8.1\resources\app.asar\node_modules\@editor\lib-programming\static\executor\systemjs-bridge\out\index.js:355:37
    at Array.map (<anonymous>)
    at C:\ProgramData\cocos\editors\Creator\3.8.1\resources\app.asar\node_modules\@editor\lib-programming\static\executor\systemjs-bridge\out\index.js:353:41
26.09.2024 23:35:25 - error: [Scene] {hidden(::SceneExecutorImportExceptionHandler::)} Error: Error: Module "../Game/Types" not found for file:///F:/git/TestMatch3/assets/Scripts/Session/GameoverListener.ts
    at rejector (C:\ProgramData\cocos\editors\Creator\3.8.1\resources\app.asar\node_modules\@editor\lib-programming\static\executor\systemjs-bridge\out\index.js:759:15)
    at ExecutorSystem.resolve [as _detailResolve] (C:\ProgramData\cocos\editors\Creator\3.8.1\resources\app.asar\node_modules\@editor\lib-programming\static\executor\systemjs-bridge\out\index.js:777:13)
    at ExecutorSystem._resolve (C:\ProgramData\cocos\editors\Creator\3.8.1\resources\app.asar\node_modules\@editor\lib-programming\src\editor-systemjs\index.ts:137:14)
    at SystemJS.resolve (C:\ProgramData\cocos\editors\Creator\3.8.1\resources\app.asar\node_modules\@editor\lib-programming\src\editor-systemjs\index.ts:36:23)
    at C:\ProgramData\cocos\editors\Creator\3.8.1\resources\app.asar\node_modules\@editor\lib-programming\static\executor\systemjs-bridge\out\index.js:355:37
    at Array.map (<anonymous>)
    at C:\ProgramData\cocos\editors\Creator\3.8.1\resources\app.asar\node_modules\@editor\lib-programming\static\executor\systemjs-bridge\out\index.js:353:41
    at file:///F:/git/TestMatch3/temp/programming/packer-driver/targets/editor/chunks/6d/6d8fd2b0177941b032ddc0733af48a561fb60657.js:13:13
    at Object.execute (file:///F:/git/TestMatch3/temp/programming/packer-driver/targets/editor/chunks/6d/6d8fd2b0177941b032ddc0733af48a561fb60657.js:8:7)
    at Executor._importPrerequisiteModules (C:\ProgramData\cocos\editors\Creator\3.8.1\resources\app.asar\node_modules\@editor\lib-programming\src\executor\index.ts:311:13)Error: [Scene] {hidden(::SceneExecutorImportExceptionHandler::)} Error: Error: Module "../Game/Types" not found for file:///F:/git/TestMatch3/assets/Scripts/Session/GameoverListener.ts
    at SystemJS.resolve (C:\ProgramData\cocos\editors\Creator\3.8.1\resources\app.asar\node_modules\@editor\lib-programming\src\editor-systemjs\index.ts:36:23)
    at C:\ProgramData\cocos\editors\Creator\3.8.1\resources\app.asar\node_modules\@editor\lib-programming\static\executor\systemjs-bridge\out\index.js:355:37
    at Array.map (<anonymous>)
    at C:\ProgramData\cocos\editors\Creator\3.8.1\resources\app.asar\node_modules\@editor\lib-programming\static\executor\systemjs-bridge\out\index.js:353:41
    at file:///F:/git/TestMatch3/temp/programming/packer-driver/targets/editor/chunks/6d/6d8fd2b0177941b032ddc0733af48a561fb60657.js:13:13
    at Object.execute (file:///F:/git/TestMatch3/temp/programming/packer-driver/targets/editor/chunks/6d/6d8fd2b0177941b032ddc0733af48a561fb60657.js:8:7)
    at Executor._importPrerequisiteModules (C:\ProgramData\cocos\editors\Creator\3.8.1\resources\app.asar\node_modules\@editor\lib-programming\src\executor\index.ts:311:13)
    at Logger._logHandler (C:\ProgramData\cocos\editors\Creator\3.8.1\resources\app.asar\builtin\scene\dist\script\3d\manager\startup\log.ccc:1:492)
    at Logger.record (C:\ProgramData\cocos\editors\Creator\3.8.1\resources\app.asar\node_modules\@base\electron-logger\lib\renderer.ccc:1:458)
    at console.error (C:\ProgramData\cocos\editors\Creator\3.8.1\resources\app.asar\node_modules\@base\electron-logger\lib\renderer.ccc:1:1414)
    at ScriptManager._handleImportException (C:\ProgramData\cocos\editors\Creator\3.8.1\resources\app.asar\builtin\scene\dist\script\3d\manager\scripts.ccc:1:5391)
    at Executor.importExceptionHandler [as _importExceptionHandler] (C:\ProgramData\cocos\editors\Creator\3.8.1\resources\app.asar\builtin\scene\dist\script\3d\manager\scripts.ccc:1:3485)
    at Executor._onModuleLoaded (C:\ProgramData\cocos\editors\Creator\3.8.1\resources\app.asar\node_modules\@editor\lib-programming\src\executor\index.ts:359:22)
    at SystemJS.onload (C:\ProgramData\cocos\editors\Creator\3.8.1\resources\app.asar\node_modules\@editor\lib-programming\src\executor\index.ts:87:18)
    at triggerOnload (C:\ProgramData\cocos\editors\Creator\3.8.1\resources\app.asar\node_modules\@editor\lib-programming\static\executor\systemjs-bridge\out\index.js:270:10)
    at C:\ProgramData\cocos\editors\Creator\3.8.1\resources\app.asar\node_modules\@editor\lib-programming\static\executor\systemjs-bridge\out\index.js:431:7
    at file:///F:/git/TestMatch3/temp/programming/packer-driver/targets/editor/chunks/6d/6d8fd2b0177941b032ddc0733af48a561fb60657.js:13:13
26.09.2024 23:49:54 - warn: [Scene] Missing class: c1362UsvV9E4LqM0J6IEX+3Error: [Scene] Missing class: c1362UsvV9E4LqM0J6IEX+3
    at Object.classFinder (C:\ProgramData\cocos\editors\Creator\3.8.1\resources\app.asar\builtin\engine\dist\editor-extends\missing-reporter\missing-class-reporter.ccc:1:2381)
    at _Deserializer.classFinder [as _classFinder] (C:\ProgramData\cocos\editors\Creator\3.8.1\resources\resources\3d\engine\bin\.cache\dev\editor\bundled\index.js:131392:34)
    at _Deserializer._deserializeTypeTaggedObject (C:\ProgramData\cocos\editors\Creator\3.8.1\resources\resources\3d\engine\bin\.cache\dev\editor\bundled\index.js:48265:30)
    at _Deserializer._deserializeObject (C:\ProgramData\cocos\editors\Creator\3.8.1\resources\resources\3d\engine\bin\.cache\dev\editor\bundled\index.js:48206:29)
    at _Deserializer._deserializeAndAssignField (C:\ProgramData\cocos\editors\Creator\3.8.1\resources\resources\3d\engine\bin\.cache\dev\editor\bundled\index.js:48417:38)
    at _Deserializer._deserializeArray (C:\ProgramData\cocos\editors\Creator\3.8.1\resources\resources\3d\engine\bin\.cache\dev\editor\bundled\index.js:48240:40)
    at _Deserializer._deserializeObject (C:\ProgramData\cocos\editors\Creator\3.8.1\resources\resources\3d\engine\bin\.cache\dev\editor\bundled\index.js:48212:29)
26.09.2024 23:49:54 - error: [Scene] Script "c1362UsvV9E4LqM0J6IEX+3" attached to "GameManager" is missing or invalid. Detailed information:
Node path: "GameManager"
Script UUID: "c136252c-bd5f-44e0-ba8c-d09e88117fb7"
Class ID: "c1362UsvV9E4LqM0J6IEX+3"
Error: [Scene] Script "c1362UsvV9E4LqM0J6IEX+3" attached to "GameManager" is missing or invalid. Detailed information:
Node path: "GameManager"
Script UUID: "c136252c-bd5f-44e0-ba8c-d09e88117fb7"
Class ID: "c1362UsvV9E4LqM0J6IEX+3"

    at report (C:\ProgramData\cocos\editors\Creator\3.8.1\resources\app.asar\builtin\engine\dist\editor-extends\missing-reporter\missing-class-reporter.ccc:1:1393)
    at reportByWalker (C:\ProgramData\cocos\editors\Creator\3.8.1\resources\app.asar\builtin\engine\dist\editor-extends\missing-reporter\missing-class-reporter.ccc:1:1606)
26.09.2024 23:49:56 - error: Error occurred in handler for 'GUEST_VIEW_MANAGER_CALL': Error: Invalid guestInstanceId: 6
    at getGuestForWebContents (electron/js2c/browser_init.js:181:6307)
    at electron/js2c/browser_init.js:181:5372
    at electron/js2c/browser_init.js:181:1637
    at electron/js2c/browser_init.js:197:579
    at Object.<anonymous> (electron/js2c/browser_init.js:161:9782)
    at Object.emit (events.js:315:20)
    at Object.emit (domain.js:467:12)
